


ARM Macro Assembler    Page 1 


    1 00000000 20001000 
                       STACK_TOP
                               EQU              0x20001000
    2 00000000 00000014 
                       MASLEN  EQU              20
    3 00000000         
    4 00000000                 PRESERVE8
    5 00000000                 THUMB
    6 00000000         
    7 00000000                 AREA             MyData_RAM, DATA, READWRITE ;
    8 00000000 00 00 00 
              00 00 00 
              00 00 00 
              00 00 00 
              00 00 00 
              00 00 00 
              00 00    outmass1
                               SPACE            20
    9 00000014         
   10 00000014         
   11 00000014                 AREA             MyData_FLASH, DATA, READONLY
   12 00000000 01 00 FE 
              FF 00 00 
              FA FF 07 
              00 08 00 
              F7 FF 2B 
              00 F9 FF 
              09 00    inputmas
                               DCW              1,-2,0,-6,7,8,-9,43,-7,9
   13 00000014                 AREA             RESET, CODE, READONLY
   14 00000000 20001000        DCD              STACK_TOP   ; 
   15 00000004 00000000        DCD              Start       ; 
   16 00000008         
   17 00000008                 ENTRY                        ;
   18 00000008         Start   PROC
   19 00000008         
   20 00000008 F04F 0114       mov              R1,#MASLEN  ;  2 (MASLEN=20) 
   21 0000000C F04F 0200       mov              R2,#0       ;  3 (i=0)
   22 00000010 F04F 0500       mov              R5,#0       ;  4 (a=0)
   23 00000014 F04F 0600       mov              R6,#0       ; 
   24 00000018 4C11            ldr              R4,=inputmas ; 
   25 0000001A F8DF 9048       ldr              R9,=outmass1 ;    
   26 0000001E         
   27 0000001E         loop
   28 0000001E 428A            cmp              R2,R1       ; 
   29 00000020 DA1E            bge              deadloop    ; 
   30 00000022         
   31 00000022 B503            PUSH             {R0,R1, LR}
   32 00000024 F7FF FFFE       BL               minus
   33 00000028 E8BD 4003       POP              {R0,R1, LR}
   34 0000002C         
   35 0000002C E7F7            b                loop        ; 
   36 0000002E                 ENDP                         ; 
   37 0000002E         
   38 0000002E         
   39 0000002E         
   40 0000002E         minus   PROC
   41 0000002E         
   42 0000002E 5AA7            ldrh             R7,[R4,R2]  ;



ARM Macro Assembler    Page 2 


   43 00000030 FA0F F7B7       sxth             R7, R7, ROR #24
   44 00000034         
   45 00000034 42B7            cmp              R7,R6
   46 00000036 DB02            blt              cloop
   47 00000038 F102 0202       add              R2,#2       ;
   48 0000003C         
   49 0000003C 4770            BX               LR
   50 0000003E         cloop
   51 0000003E B503            PUSH             {R0,R1, LR}
   52 00000040         
   53 00000040 F7FF FFFE       BL               write
   54 00000044         
   55 00000044 E8BD 4003       POP              {R0,R1, LR}
   56 00000048         
   57 00000048 4770            BX               LR
   58 0000004A                 ENDP
   59 0000004A         
   60 0000004A         
   61 0000004A         
   62 0000004A         
   63 0000004A         write   PROC
   64 0000004A         
   65 0000004A FA1F F797       uxth             R7, R7, ROR #8
   66 0000004E F8A9 7000       strh             R7,[R9]     ;
   67 00000052         
   68 00000052 F105 0501       add              R5,#1
   69 00000056 F109 0902       add              R9,#2       ;
   70 0000005A         
   71 0000005A         
   72 0000005A F102 0202       add              R2,#2       ;
   73 0000005E         
   74 0000005E 4770            BX               LR
   75 00000060                 ENDP
   76 00000060         
   77 00000060         deadloop
   78 00000060                 END
              00000000 
              00000000 
Command Line: --debug --xref --diag_suppress=9931 --cpu=Cortex-M3 --apcs=interw
ork --depend=.\objects\main.d -o.\objects\main.o -I.\RTE\_Target_1 -IC:\Keil_v5
\ARM\PACK\Keil\STM32F1xx_DFP\2.3.0\Device\Include -IC:\Keil_v5\ARM\CMSIS\Includ
e --predefine="__EVAL SETA 1" --predefine="__UVISION_VERSION SETA 524" --predef
ine="STM32F10X_MD SETA 1" --list=.\listings\main.lst main.s



ARM Macro Assembler    Page 1 Alphabetic symbol ordering
Relocatable symbols

MyData_RAM 00000000

Symbol: MyData_RAM
   Definitions
      At line 7 in file main.s
   Uses
      None
Comment: MyData_RAM unused
outmass1 00000000

Symbol: outmass1
   Definitions
      At line 8 in file main.s
   Uses
      At line 25 in file main.s
Comment: outmass1 used once
2 symbols



ARM Macro Assembler    Page 1 Alphabetic symbol ordering
Relocatable symbols

MyData_FLASH 00000000

Symbol: MyData_FLASH
   Definitions
      At line 11 in file main.s
   Uses
      None
Comment: MyData_FLASH unused
inputmas 00000000

Symbol: inputmas
   Definitions
      At line 12 in file main.s
   Uses
      At line 24 in file main.s
Comment: inputmas used once
2 symbols



ARM Macro Assembler    Page 1 Alphabetic symbol ordering
Relocatable symbols

RESET 00000000

Symbol: RESET
   Definitions
      At line 13 in file main.s
   Uses
      None
Comment: RESET unused
Start 00000008

Symbol: Start
   Definitions
      At line 18 in file main.s
   Uses
      At line 15 in file main.s
Comment: Start used once
cloop 0000003E

Symbol: cloop
   Definitions
      At line 50 in file main.s
   Uses
      At line 46 in file main.s
Comment: cloop used once
deadloop 00000060

Symbol: deadloop
   Definitions
      At line 77 in file main.s
   Uses
      At line 29 in file main.s
Comment: deadloop used once
loop 0000001E

Symbol: loop
   Definitions
      At line 27 in file main.s
   Uses
      At line 35 in file main.s
Comment: loop used once
minus 0000002E

Symbol: minus
   Definitions
      At line 40 in file main.s
   Uses
      At line 32 in file main.s
Comment: minus used once
write 0000004A

Symbol: write
   Definitions
      At line 63 in file main.s
   Uses
      At line 53 in file main.s
Comment: write used once
7 symbols



ARM Macro Assembler    Page 1 Alphabetic symbol ordering
Absolute symbols

MASLEN 00000014

Symbol: MASLEN
   Definitions
      At line 2 in file main.s
   Uses
      At line 20 in file main.s
Comment: MASLEN used once
STACK_TOP 20001000

Symbol: STACK_TOP
   Definitions
      At line 1 in file main.s
   Uses
      At line 14 in file main.s
Comment: STACK_TOP used once
2 symbols
348 symbols in table
